<?xml version="1.0" encoding="UTF-8"?>
<!-- Generated by org.testng.reporters.JUnitReportReporter -->
<testsuite hostname="JIM-TI8227" name="testscript.Login_Scenario" tests="1" failures="0" timestamp="10 Apr 2016 05:35:39 GMT" time="26.919" errors="0">
  <testcase name="valid_login" time="26.919" classname="testscript.Login_Scenario"/>
</testsuite> <!-- testscript.Login_Scenario -->
