<?xml version="1.0" encoding="UTF-8"?>
<!-- Generated by org.testng.reporters.JUnitReportReporter -->
<testsuite hostname="JIM-TI8227" name="testscript.Search_Scenario" tests="3" failures="0" timestamp="10 Apr 2016 05:35:39 GMT" time="91.454" errors="0">
  <testcase name="valid_search" time="18.796" classname="testscript.Search_Scenario"/>
  <testcase name="valid_search" time="54.614" classname="testscript.Search_Scenario"/>
  <testcase name="valid_search" time="18.044" classname="testscript.Search_Scenario"/>
</testsuite> <!-- testscript.Search_Scenario -->
